Using pre-set license
Built from '2022.3/release' branch; Version is '2022.3.5f1 (9674261d40ee) revision 9860134'; Using compiler version '192829333'; Build Type 'Release'
OS: 'Windows 10  (10.0.19045) 64bit CoreSingleLanguage' Language: 'tr' Physical Memory: 16218 MB
BatchMode: 1, IsHumanControllingUs: 0, StartBugReporterOnCrash: 0, Is64bit: 1, IsPro: 1

COMMAND LINE ARGUMENTS:
C:\Program Files\Unity\Hub\Editor\2021.3.21f1\2022.3.5f1\Editor\Unity.exe
-adb2
-batchMode
-noUpm
-name
AssetImportWorker1
-projectPath
C:/Users/Amer_Alkrez/Desktop/3D FPS Game
-logFile
Logs/AssetImportWorker1.log
-srvPort
60928
Successfully changed project path to: C:/Users/Amer_Alkrez/Desktop/3D FPS Game
C:/Users/Amer_Alkrez/Desktop/3D FPS Game
[UnityMemory] Configuration Parameters - Can be set up in boot.config
    "memorysetup-bucket-allocator-granularity=16"
    "memorysetup-bucket-allocator-bucket-count=8"
    "memorysetup-bucket-allocator-block-size=33554432"
    "memorysetup-bucket-allocator-block-count=8"
    "memorysetup-main-allocator-block-size=16777216"
    "memorysetup-thread-allocator-block-size=16777216"
    "memorysetup-gfx-main-allocator-block-size=16777216"
    "memorysetup-gfx-thread-allocator-block-size=16777216"
    "memorysetup-cache-allocator-block-size=4194304"
    "memorysetup-typetree-allocator-block-size=2097152"
    "memorysetup-profiler-bucket-allocator-granularity=16"
    "memorysetup-profiler-bucket-allocator-bucket-count=8"
    "memorysetup-profiler-bucket-allocator-block-size=33554432"
    "memorysetup-profiler-bucket-allocator-block-count=8"
    "memorysetup-profiler-allocator-block-size=16777216"
    "memorysetup-profiler-editor-allocator-block-size=1048576"
    "memorysetup-temp-allocator-size-main=16777216"
    "memorysetup-job-temp-allocator-block-size=2097152"
    "memorysetup-job-temp-allocator-block-size-background=1048576"
    "memorysetup-job-temp-allocator-reduction-small-platforms=262144"
    "memorysetup-allocator-temp-initial-block-size-main=262144"
    "memorysetup-allocator-temp-initial-block-size-worker=262144"
    "memorysetup-temp-allocator-size-background-worker=32768"
    "memorysetup-temp-allocator-size-job-worker=262144"
    "memorysetup-temp-allocator-size-preload-manager=33554432"
    "memorysetup-temp-allocator-size-nav-mesh-worker=65536"
    "memorysetup-temp-allocator-size-audio-worker=65536"
    "memorysetup-temp-allocator-size-cloud-worker=32768"
    "memorysetup-temp-allocator-size-gi-baking-worker=262144"
    "memorysetup-temp-allocator-size-gfx=262144"
Player connection [17868] Host "[IP] 192.168.1.105 [Port] 0 [Flags] 2 [Guid] 482668498 [EditorId] 482668498 [Version] 1048832 [Id] WindowsEditor(7,DESKTOP-DVQ1CLA) [Debug] 1 [PackageName] WindowsEditor [ProjectName] Editor" joined multi-casting on [225.0.0.222:54997]...

Player connection [17868] Host "[IP] 192.168.1.105 [Port] 0 [Flags] 2 [Guid] 482668498 [EditorId] 482668498 [Version] 1048832 [Id] WindowsEditor(7,DESKTOP-DVQ1CLA) [Debug] 1 [PackageName] WindowsEditor [ProjectName] Editor" joined alternative multi-casting on [225.0.0.222:34997]...

Refreshing native plugins compatible for Editor in 17.04 ms, found 3 plugins.
Preloading 0 native plugins for Editor in 0.00 ms.
Initialize engine version: 2022.3.5f1 (9674261d40ee)
[Subsystems] Discovering subsystems at path C:/Program Files/Unity/Hub/Editor/2021.3.21f1/2022.3.5f1/Editor/Data/Resources/UnitySubsystems
[Subsystems] Discovering subsystems at path C:/Users/Amer_Alkrez/Desktop/3D FPS Game/Assets
GfxDevice: creating device client; threaded=0; jobified=0
Direct3D:
    Version:  Direct3D 11.0 [level 11.0]
    Renderer: NVIDIA GeForce GT 630M (ID=0xde9)
    Vendor:   NVIDIA
    VRAM:     2000 MB
    Driver:   22.21.13.8205
Initialize mono
Mono path[0] = 'C:/Program Files/Unity/Hub/Editor/2021.3.21f1/2022.3.5f1/Editor/Data/Managed'
Mono path[1] = 'C:/Program Files/Unity/Hub/Editor/2021.3.21f1/2022.3.5f1/Editor/Data/MonoBleedingEdge/lib/mono/unityjit-win32'
Mono config path = 'C:/Program Files/Unity/Hub/Editor/2021.3.21f1/2022.3.5f1/Editor/Data/MonoBleedingEdge/etc'
Using monoOptions --debugger-agent=transport=dt_socket,embedding=1,server=y,suspend=n,address=127.0.0.1:56096
Begin MonoManager ReloadAssembly
Registering precompiled unity dll's ...
Register platform support module: C:/Program Files/Unity/Hub/Editor/2021.3.21f1/2022.3.5f1/Editor/Data/PlaybackEngines/WebGLSupport/UnityEditor.WebGL.Extensions.dll
Register platform support module: C:/Program Files/Unity/Hub/Editor/2021.3.21f1/2022.3.5f1/Editor/Data/PlaybackEngines/AndroidPlayer/UnityEditor.Android.Extensions.dll
Register platform support module: C:/Program Files/Unity/Hub/Editor/2021.3.21f1/2022.3.5f1/Editor/Data/PlaybackEngines/WindowsStandaloneSupport/UnityEditor.WindowsStandalone.Extensions.dll
Registered in 0.033037 seconds.
- Loaded All Assemblies, in  0.776 seconds
Native extension for WindowsStandalone target not found
Native extension for Android target not found
Android Extension - Scanning For ADB Devices 443 ms
Native extension for WebGL target not found
Mono: successfully reloaded assembly
- Finished resetting the current domain, in  1.038 seconds
Domain Reload Profiling: 1809ms
	BeginReloadAssembly (250ms)
		ExecutionOrderSort (0ms)
		DisableScriptedObjects (0ms)
		BackupInstance (0ms)
		ReleaseScriptingObjects (0ms)
		CreateAndSetChildDomain (2ms)
	RebuildCommonClasses (73ms)
	RebuildNativeTypeToScriptingClass (25ms)
	initialDomainReloadingComplete (132ms)
	LoadAllAssembliesAndSetupDomain (290ms)
		LoadAssemblies (245ms)
		RebuildTransferFunctionScriptingTraits (0ms)
		AnalyzeDomain (273ms)
			TypeCache.Refresh (272ms)
				TypeCache.ScanAssembly (248ms)
			ScanForSourceGeneratedMonoScriptInfo (1ms)
			ResolveRequiredComponents (1ms)
	FinalizeReload (1038ms)
		ReleaseScriptCaches (0ms)
		RebuildScriptCaches (0ms)
		SetupLoadedEditorAssemblies (937ms)
			LogAssemblyErrors (0ms)
			InitializePlatformSupportModulesInManaged (655ms)
			SetLoadedEditorAssemblies (6ms)
			RefreshPlugins (0ms)
			BeforeProcessingInitializeOnLoad (5ms)
			ProcessInitializeOnLoadAttributes (182ms)
			ProcessInitializeOnLoadMethodAttributes (88ms)
			AfterProcessingInitializeOnLoad (0ms)
			EditorAssembliesLoaded (0ms)
		ExecutionOrderSort2 (0ms)
		AwakeInstancesAfterBackupRestoration (0ms)
========================================================================
Worker process is ready to serve import requests
Begin MonoManager ReloadAssembly
Symbol file LoadedFromMemory doesn't match image C:\Users\Amer_Alkrez\Desktop\3D FPS Game\Library\PackageCache\com.unity.visualscripting@1.8.0\Editor\VisualScripting.Core\Dependencies\YamlDotNet\Unity.VisualScripting.YamlDotNet.dll
Symbol file LoadedFromMemory doesn't match image C:\Users\Amer_Alkrez\Desktop\3D FPS Game\Library\PackageCache\com.unity.visualscripting@1.8.0\Editor\VisualScripting.Core\Dependencies\DotNetZip\Unity.VisualScripting.IonicZip.dll
- Loaded All Assemblies, in  1.244 seconds
Refreshing native plugins compatible for Editor in 5.04 ms, found 3 plugins.
Native extension for WindowsStandalone target not found
Native extension for Android target not found
Native extension for WebGL target not found
Package Manager log level set to [2]
[Package Manager] Server::EnsureServerProcessIsRunning -- launch failed, reason: Unity was launched with the -noUpm command-line argument
[Package Manager] UpmClient::Send -- Unable to send message (not connected to UPM process).
[Package Manager] Cannot connect to Unity Package Manager local server
Mono: successfully reloaded assembly
- Finished resetting the current domain, in  0.979 seconds
Domain Reload Profiling: 2218ms
	BeginReloadAssembly (263ms)
		ExecutionOrderSort (0ms)
		DisableScriptedObjects (10ms)
		BackupInstance (0ms)
		ReleaseScriptingObjects (0ms)
		CreateAndSetChildDomain (30ms)
	RebuildCommonClasses (57ms)
	RebuildNativeTypeToScriptingClass (19ms)
	initialDomainReloadingComplete (72ms)
	LoadAllAssembliesAndSetupDomain (827ms)
		LoadAssemblies (475ms)
		RebuildTransferFunctionScriptingTraits (0ms)
		AnalyzeDomain (508ms)
			TypeCache.Refresh (478ms)
				TypeCache.ScanAssembly (457ms)
			ScanForSourceGeneratedMonoScriptInfo (21ms)
			ResolveRequiredComponents (9ms)
	FinalizeReload (980ms)
		ReleaseScriptCaches (0ms)
		RebuildScriptCaches (0ms)
		SetupLoadedEditorAssemblies (727ms)
			LogAssemblyErrors (0ms)
			InitializePlatformSupportModulesInManaged (43ms)
			SetLoadedEditorAssemblies (7ms)
			RefreshPlugins (0ms)
			BeforeProcessingInitializeOnLoad (98ms)
			ProcessInitializeOnLoadAttributes (534ms)
			ProcessInitializeOnLoadMethodAttributes (31ms)
			AfterProcessingInitializeOnLoad (15ms)
			EditorAssembliesLoaded (0ms)
		ExecutionOrderSort2 (0ms)
		AwakeInstancesAfterBackupRestoration (15ms)
Launched and connected shader compiler UnityShaderCompiler.exe after 0.06 seconds
Refreshing native plugins compatible for Editor in 5.10 ms, found 3 plugins.
Preloading 0 native plugins for Editor in 0.00 ms.
Unloading 3087 Unused Serialized files (Serialized files now loaded: 0)
Unloading 31 unused Assets / (56.3 KB). Loaded Objects now: 3554.
Memory consumption went from 122.1 MB to 122.0 MB.
Total: 5.632200 ms (FindLiveObjects: 0.322300 ms CreateObjectMapping: 0.167500 ms MarkObjects: 4.874900 ms  DeleteObjects: 0.265300 ms)

AssetImportParameters requested are different than current active one (requested -> active):
  custom:container-demuxer-ogg: 62fdf1f143b41e24485cea50d1cbac27 -> 
  custom:video-decoder-ogg-theora: a1e56fd34408186e4bbccfd4996cb3dc -> 
  custom:framework-win-MediaFoundation: 216162199b28c13a410421893ffa2e32 -> 
  custom:CustomObjectIndexerAttribute: 756ad292c208cfabdd7b50bc23989ffe -> 
  custom:container-demuxer-webm: 4f35f7cbe854078d1ac9338744f61a02 -> 
  custom:container-muxer-webm: aa71ff27fc2769a1b78a27578f13a17b -> 
  custom:video-decoder-webm-vp8: 9c59270c3fd7afecdb556c50c9e8de78 -> 
  custom:AudioImporter_EditorPlatform: d09bf68614088b80899f8185d706f6e7 -> 
  custom:video-encoder-webm-vp8: eb34c28f22e8b96e1ab97ce403110664 -> 
  custom:audio-decoder-ogg-vorbis: bf7c407c2cedff20999df2af8eb42d56 -> 
  custom:audio-encoder-webm-vorbis: bf7c407c2cedff20999df2af8eb42d56 -> 
========================================================================
Received Import Request.
  Time since last request: 95785.512022 seconds.
  path: Assets/Player/Scripts
  artifactKey: Guid(752d7fc71878e794793d7b49de2a67a3) Importer(815301076,1909f56bfc062723c751e8b465ee728b)
Start importing Assets/Player/Scripts using Guid(752d7fc71878e794793d7b49de2a67a3) Importer(815301076,1909f56bfc062723c751e8b465ee728b)  -> (artifact id: '7a239a37bb72f1cd392a01cbcc9a0e07') in 0.003771 seconds
Number of updated asset objects reloaded before import = 0
Number of asset objects unloaded after import = 0
========================================================================
Received Import Request.
  Time since last request: 1105.521107 seconds.
  path: Assets/DARK ATMOSPHERIC_FREE Track/STINGERS/NEUTRAL/Discovery with Leadup.wav
  artifactKey: Guid(433b63c790c754f41a7b7a190e4ccd81) Importer(815301076,1909f56bfc062723c751e8b465ee728b)
Start importing Assets/DARK ATMOSPHERIC_FREE Track/STINGERS/NEUTRAL/Discovery with Leadup.wav using Guid(433b63c790c754f41a7b7a190e4ccd81) Importer(815301076,1909f56bfc062723c751e8b465ee728b)  -> (artifact id: '2046238819ad1f4a9902d5e87e381582') in 0.158793 seconds
Number of updated asset objects reloaded before import = 0
Number of asset objects unloaded after import = 2
========================================================================
Received Import Request.
  Time since last request: 20.011015 seconds.
  path: Assets/DARK ATMOSPHERIC_FREE Track/01 Before Dark/DARK/01 Before Dark DARK LOOP.wav
  artifactKey: Guid(198366e84a02a6c44b1503102d740b13) Importer(815301076,1909f56bfc062723c751e8b465ee728b)
Start importing Assets/DARK ATMOSPHERIC_FREE Track/01 Before Dark/DARK/01 Before Dark DARK LOOP.wav using Guid(198366e84a02a6c44b1503102d740b13) Importer(815301076,1909f56bfc062723c751e8b465ee728b)  -> (artifact id: 'd6fe232d297246e4972d4ab852a4729a') in 0.014291 seconds
Number of updated asset objects reloaded before import = 0
Number of asset objects unloaded after import = 2
========================================================================
Received Import Request.
  Time since last request: 64.063634 seconds.
  path: Assets/DARK ATMOSPHERIC_FREE Track/01 Before Dark/FULL/01 Before Dark FULL LOOP.wav
  artifactKey: Guid(40514284b826d2945a3cd6cfdf288aac) Importer(815301076,1909f56bfc062723c751e8b465ee728b)
Start importing Assets/DARK ATMOSPHERIC_FREE Track/01 Before Dark/FULL/01 Before Dark FULL LOOP.wav using Guid(40514284b826d2945a3cd6cfdf288aac) Importer(815301076,1909f56bfc062723c751e8b465ee728b)  -> (artifact id: '36ce364b31b4c63e169c1adebb9c4b45') in 0.016221 seconds
Number of updated asset objects reloaded before import = 0
Number of asset objects unloaded after import = 2
========================================================================
Received Import Request.
  Time since last request: 2400.815022 seconds.
  path: Assets/DARK ATMOSPHERIC_FREE Track/01 Before Dark/LIGHT/01 Before Dark LIGHT LOOP.wav
  artifactKey: Guid(45abc6c44e399ee4a9640432d2658abb) Importer(815301076,1909f56bfc062723c751e8b465ee728b)
Start importing Assets/DARK ATMOSPHERIC_FREE Track/01 Before Dark/LIGHT/01 Before Dark LIGHT LOOP.wav using Guid(45abc6c44e399ee4a9640432d2658abb) Importer(815301076,1909f56bfc062723c751e8b465ee728b)  -> (artifact id: '218f56c04661697d93a86297b0505bbf') in 0.021434 seconds
Number of updated asset objects reloaded before import = 0
Number of asset objects unloaded after import = 2
========================================================================
Received Import Request.
  Time since last request: 39.843303 seconds.
  path: Assets/DARK ATMOSPHERIC_FREE Track/STINGERS/POSITIVE/Advancement with Leadup.wav
  artifactKey: Guid(95da7b86a404c864fb8050a9e0b0b8b4) Importer(815301076,1909f56bfc062723c751e8b465ee728b)
Start importing Assets/DARK ATMOSPHERIC_FREE Track/STINGERS/POSITIVE/Advancement with Leadup.wav using Guid(95da7b86a404c864fb8050a9e0b0b8b4) Importer(815301076,1909f56bfc062723c751e8b465ee728b)  -> (artifact id: 'a38f1ed174027a714ab45955644ece53') in 0.014089 seconds
Number of updated asset objects reloaded before import = 0
Number of asset objects unloaded after import = 2
========================================================================
Received Import Request.
  Time since last request: 190.766606 seconds.
  path: Assets/DARK ATMOSPHERIC_FREE Track/01 Before Dark/MEDIUM/01 Before Dark MEDIUM LOOP.wav
  artifactKey: Guid(a7a6b723ff5f03b4c8670fadff9b8ab7) Importer(815301076,1909f56bfc062723c751e8b465ee728b)
Start importing Assets/DARK ATMOSPHERIC_FREE Track/01 Before Dark/MEDIUM/01 Before Dark MEDIUM LOOP.wav using Guid(a7a6b723ff5f03b4c8670fadff9b8ab7) Importer(815301076,1909f56bfc062723c751e8b465ee728b)  -> (artifact id: '56322abec29d8f23c43b2eb4fb58adb6') in 0.013580 seconds
Number of updated asset objects reloaded before import = 0
Number of asset objects unloaded after import = 2
========================================================================
Received Import Request.
  Time since last request: 260.356561 seconds.
  path: Assets/Player/Audio/Jump.wav
  artifactKey: Guid(bcd3dc711751b564098be097d51e39fe) Importer(815301076,1909f56bfc062723c751e8b465ee728b)
Start importing Assets/Player/Audio/Jump.wav using Guid(bcd3dc711751b564098be097d51e39fe) Importer(815301076,1909f56bfc062723c751e8b465ee728b)  -> (artifact id: '40991f96952d14d87c2422e3489008ae') in 0.020071 seconds
Number of updated asset objects reloaded before import = 0
Number of asset objects unloaded after import = 2
========================================================================
Received Import Request.
  Time since last request: 579.006043 seconds.
  path: Assets/Texture/Textures/Vol_7_1_Base_Color.png
  artifactKey: Guid(7bd4dda1485f9fe4abc4f31f641596e4) Importer(815301076,1909f56bfc062723c751e8b465ee728b)
Start importing Assets/Texture/Textures/Vol_7_1_Base_Color.png using Guid(7bd4dda1485f9fe4abc4f31f641596e4) Importer(815301076,1909f56bfc062723c751e8b465ee728b)  -> (artifact id: 'a31b0b8747f8036032cb575d6e7234e3') in 0.096344 seconds
Number of updated asset objects reloaded before import = 0
Number of asset objects unloaded after import = 2
========================================================================
Received Import Request.
  Time since last request: 0.000038 seconds.
  path: Assets/Texture/Textures/Vol_7_1_Normal.png
  artifactKey: Guid(b272fa9f67bc2264a8dad2ab221b1bd0) Importer(815301076,1909f56bfc062723c751e8b465ee728b)
Start importing Assets/Texture/Textures/Vol_7_1_Normal.png using Guid(b272fa9f67bc2264a8dad2ab221b1bd0) Importer(815301076,1909f56bfc062723c751e8b465ee728b)  -> (artifact id: '182c9eab84ef8b54390de8a5a485f247') in 0.057405 seconds
Number of updated asset objects reloaded before import = 0
Number of asset objects unloaded after import = 2
========================================================================
Received Import Request.
  Time since last request: 9.434781 seconds.
  path: Assets/Texture/Materials/Stylize_Stone_diffuse.mat
  artifactKey: Guid(dccc15c0fa402c846afc974fee17cb08) Importer(815301076,1909f56bfc062723c751e8b465ee728b)
Start importing Assets/Texture/Materials/Stylize_Stone_diffuse.mat using Guid(dccc15c0fa402c846afc974fee17cb08) Importer(815301076,1909f56bfc062723c751e8b465ee728b)  -> (artifact id: '6c0528455a7f7e837593e37836b1e10e') in 0.353222 seconds
Number of updated asset objects reloaded before import = 0
Number of asset objects unloaded after import = 5
